\BOOKMARK [0][-]{chapter.1}{\376\377\000I\000n\000t\000r\000o\000d\000u\000c\000t\000i\000o\000n}{}% 1
\BOOKMARK [0][-]{chapter.2}{\376\377\000L\000e\000s\000\040\000f\000o\000n\000c\000t\000i\000o\000n\000n\000a\000l\000i\000t\000\351\000s}{}% 2
\BOOKMARK [0][-]{chapter.3}{\376\377\000L\000e\000s\000\040\000c\000l\000a\000s\000s\000e}{}% 3
\BOOKMARK [1][-]{section.3.1}{\376\377\000L\000a\000\040\000c\000l\000a\000s\000s\000e\000\040\000M\000a\000i\000n}{chapter.3}% 4
\BOOKMARK [1][-]{section.3.2}{\376\377\000L\000a\000\040\000c\000l\000a\000s\000s\000e\000\040\000C\000o\000m\000p\000u\000t\000e\000u\000r}{chapter.3}% 5
\BOOKMARK [1][-]{section.3.3}{\376\377\000L\000a\000\040\000c\000l\000a\000s\000s\000e\000\040\000P\000i\000e\000c\000e}{chapter.3}% 6
\BOOKMARK [1][-]{section.3.4}{\376\377\000L\000a\000\040\000c\000l\000a\000s\000s\000e\000\040\000G\000r\000i\000d}{chapter.3}% 7
\BOOKMARK [1][-]{section.3.5}{\376\377\000L\000a\000\040\000c\000l\000a\000s\000s\000e\000\040\000P\000o\000s\000i\000t\000i\000o\000n}{chapter.3}% 8
\BOOKMARK [1][-]{section.3.6}{\376\377\000L\000a\000\040\000c\000l\000a\000s\000s\000e\000\040\000C\000a\000s\000e}{chapter.3}% 9
\BOOKMARK [1][-]{section.3.7}{\376\377\000L\000a\000\040\000c\000l\000a\000s\000s\000e\000\040\000M\000a\000t\000r\000i\000x}{chapter.3}% 10
\BOOKMARK [1][-]{section.3.8}{\376\377\000L\000a\000\040\000c\000l\000a\000s\000s\000e\000\040\000D\000o\000m\000i\000n\000o}{chapter.3}% 11
\BOOKMARK [1][-]{section.3.9}{\376\377\000L\000a\000\040\000c\000l\000a\000s\000s\000e\000\040\000T\000r\000i\000o\000m\000i\000n\000o}{chapter.3}% 12
\BOOKMARK [1][-]{section.3.10}{\376\377\000L\000a\000\040\000c\000l\000a\000s\000s\000e\000\040\000T\000e\000t\000r\000o\000m\000i\000n\000o}{chapter.3}% 13
\BOOKMARK [0][-]{chapter.4}{\376\377\000I\000n\000i\000t\000i\000a\000l\000i\000s\000a\000t\000i\000o\000n\000\040\000d\000e\000\040\000j\000e\000u}{}% 14
\BOOKMARK [1][-]{section.4.1}{\376\377\000D\000i\000m\000e\000n\000s\000i\000o\000n\000s\000\040\000d\000u\000\040\000j\000e\000u}{chapter.4}% 15
\BOOKMARK [1][-]{section.4.2}{\376\377\000D\000i\000s\000t\000r\000i\000b\000u\000t\000i\000o\000n\000\040\000d\000e\000s\000\040\000p\000i\000\350\000c\000e\000s}{chapter.4}% 16
\BOOKMARK [0][-]{chapter.5}{\376\377\000D\000e\000s\000c\000r\000i\000p\000t\000i\000o\000n\000\040\000d\000e\000s\000\040\000c\000o\000n\000d\000i\000t\000i\000o\000n\000s}{}% 17
\BOOKMARK [1][-]{section.5.1}{\376\377\000P\000l\000a\000c\000e\000m\000e\000n\000t\000\040\000d\000e\000s\000\040\000p\000i\000\350\000c\000e\000s}{chapter.5}% 18
\BOOKMARK [1][-]{section.5.2}{\376\377\000L\000a\000\040\000p\000a\000r\000t\000i\000e\000\040\000e\000s\000t\000\040\000f\000i\000n\000i\000e}{chapter.5}% 19
\BOOKMARK [0][-]{chapter.6}{\376\377\000J\000e\000u\000\040\000d\000e\000\040\000l\000'\000o\000r\000d\000i\000n\000a\000t\000e\000u\000r}{}% 20
\BOOKMARK [0][-]{chapter.7}{\376\377\000A\000j\000o\000u\000t\000s\000/\000l\000i\000b\000e\000r\000t\000\351\000s\000\040\000p\000r\000i\000s\000e\000s}{}% 21
\BOOKMARK [0][-]{chapter.8}{\376\377\000C\000o\000n\000c\000l\000u\000s\000i\000o\000n}{}% 22
